11:28:59 [32m[restartedMain][0;39m [34mINFO [0;39m [36mcom.example.ctmb.CtmbApplication[0;39m - Starting CtmbApplication on DESKTOP-O2OE0LP with PID 6924 (C:\Users\EDZ\Desktop\project\ctmb\target\classes started by EDZ in C:\Users\EDZ\Desktop\project\ctmb) 
11:28:59 [32m[restartedMain][0;39m [34mINFO [0;39m [36mcom.example.ctmb.CtmbApplication[0;39m - No active profile set, falling back to default profiles: default 
11:28:59 [32m[restartedMain][0;39m [34mINFO [0;39m [36morg.springframework.boot.devtools.env.DevToolsPropertyDefaultsPostProcessor[0;39m - Devtools property defaults active! Set 'spring.devtools.add-properties' to 'false' to disable 
11:28:59 [32m[restartedMain][0;39m [34mINFO [0;39m [36morg.springframework.boot.devtools.env.DevToolsPropertyDefaultsPostProcessor[0;39m - For additional web related logging consider setting the 'logging.level.web' property to 'DEBUG' 
11:29:00 [32m[restartedMain][0;39m [34mINFO [0;39m [36morg.springframework.data.repository.config.RepositoryConfigurationDelegate[0;39m - Bootstrapping Spring Data repositories in DEFAULT mode. 
11:29:00 [32m[restartedMain][0;39m [34mINFO [0;39m [36morg.springframework.data.repository.config.RepositoryConfigurationDelegate[0;39m - Finished Spring Data repository scanning in 13ms. Found 0 repository interfaces. 
11:29:00 [32m[restartedMain][0;39m [34mINFO [0;39m [36morg.springframework.context.support.PostProcessorRegistrationDelegate$BeanPostProcessorChecker[0;39m - Bean 'org.springframework.transaction.annotation.ProxyTransactionManagementConfiguration' of type [org.springframework.transaction.annotation.ProxyTransactionManagementConfiguration$$EnhancerBySpringCGLIB$$6ff09ec6] is not eligible for getting processed by all BeanPostProcessors (for example: not eligible for auto-proxying) 
11:29:00 [32m[restartedMain][0;39m [34mINFO [0;39m [36morg.springframework.boot.web.embedded.tomcat.TomcatWebServer[0;39m - Tomcat initialized with port(s): 8080 (http) 
11:29:00 [32m[restartedMain][0;39m [34mINFO [0;39m [36morg.apache.coyote.http11.Http11NioProtocol[0;39m - Initializing ProtocolHandler ["http-nio-8080"] 
11:29:00 [32m[restartedMain][0;39m [34mINFO [0;39m [36morg.apache.catalina.core.StandardService[0;39m - Starting service [Tomcat] 
11:29:00 [32m[restartedMain][0;39m [34mINFO [0;39m [36morg.apache.catalina.core.StandardEngine[0;39m - Starting Servlet engine: [Apache Tomcat/9.0.24] 
11:29:00 [32m[restartedMain][0;39m [34mINFO [0;39m [36morg.apache.catalina.core.ContainerBase.[Tomcat].[localhost].[/][0;39m - Initializing Spring embedded WebApplicationContext 
11:29:00 [32m[restartedMain][0;39m [34mINFO [0;39m [36morg.springframework.web.context.ContextLoader[0;39m - Root WebApplicationContext: initialization completed in 1193 ms 
11:29:00 [32m[restartedMain][0;39m [34mINFO [0;39m [36morg.hibernate.jpa.internal.util.LogHelper[0;39m - HHH000204: Processing PersistenceUnitInfo [
	name: default
	...] 
11:29:00 [32m[restartedMain][0;39m [34mINFO [0;39m [36morg.hibernate.Version[0;39m - HHH000412: Hibernate Core {5.3.11.Final} 
11:29:00 [32m[restartedMain][0;39m [34mINFO [0;39m [36morg.hibernate.cfg.Environment[0;39m - HHH000206: hibernate.properties not found 
11:29:00 [32m[restartedMain][0;39m [34mINFO [0;39m [36morg.hibernate.annotations.common.Version[0;39m - HCANN000001: Hibernate Commons Annotations {5.0.4.Final} 
11:29:01 [32m[restartedMain][0;39m [34mINFO [0;39m [36morg.hibernate.dialect.Dialect[0;39m - HHH000400: Using dialect: org.hibernate.dialect.PostgreSQL95Dialect 
11:29:01 [32m[restartedMain][0;39m [34mINFO [0;39m [36morg.hibernate.engine.jdbc.env.internal.LobCreatorBuilderImpl[0;39m - HHH000422: Disabling contextual LOB creation as connection was null 
11:29:01 [32m[restartedMain][0;39m [34mINFO [0;39m [36morg.hibernate.type.BasicTypeRegistry[0;39m - HHH000270: Type registration [java.util.UUID] overrides previous : org.hibernate.type.UUIDBinaryType@7916d6ae 
11:29:01 [32m[restartedMain][0;39m [34mINFO [0;39m [36mcom.zaxxer.hikari.HikariDataSource[0;39m - HikariPool-1 - Starting... 
11:29:01 [32m[restartedMain][0;39m [34mINFO [0;39m [36mcom.zaxxer.hikari.HikariDataSource[0;39m - HikariPool-1 - Start completed. 
11:29:01 [32m[restartedMain][0;39m [34mINFO [0;39m [36morg.springframework.orm.jpa.LocalContainerEntityManagerFactoryBean[0;39m - Initialized JPA EntityManagerFactory for persistence unit 'default' 
11:29:01 [32m[restartedMain][0;39m [34mINFO [0;39m [36morg.springframework.boot.devtools.autoconfigure.OptionalLiveReloadServer[0;39m - LiveReload server is running on port 35729 
11:29:01 [32m[restartedMain][0;39m [34mINFO [0;39m [36morg.springframework.scheduling.concurrent.ThreadPoolTaskExecutor[0;39m - Initializing ExecutorService 'applicationTaskExecutor' 
11:29:01 [32m[restartedMain][0;39m [34mINFO [0;39m [36morg.apache.coyote.http11.Http11NioProtocol[0;39m - Starting ProtocolHandler ["http-nio-8080"] 
11:29:01 [32m[restartedMain][0;39m [34mINFO [0;39m [36morg.springframework.boot.web.embedded.tomcat.TomcatWebServer[0;39m - Tomcat started on port(s): 8080 (http) with context path '' 
11:29:01 [32m[restartedMain][0;39m [34mINFO [0;39m [36mcom.example.ctmb.CtmbApplication[0;39m - Started CtmbApplication in 2.647 seconds (JVM running for 3.154) 
